Arguments: 
  C:\Program Files\nodejs\node.exe C:\Users\panha_kreng\.node\corepack\yarn\1.22.15\bin\yarn.js add react-currency-format

PATH: 
  C:\Program Files\Common Files\Oracle\Java\javapath;C:\Program Files (x86)\Common Files\Oracle\Java\javapath;C:\WINDOWS\system32;C:\WINDOWS;C:\WINDOWS\System32\Wbem;C:\WINDOWS\System32\WindowsPowerShell\v1.0\;C:\WINDOWS\System32\OpenSSH\;C:\Program Files\Java\jdk1.8.0_202\bin;C:\php;C:\ProgramData\ComposerSetup\bin;C:\Program Files\dotnet\;C:\Program Files (x86)\dotnet\;C:\Program Files\Git\cmd;C:\Users\panha_kreng\AppData\Roaming\nvm;C:\Program Files\nodejs;;C:\Program Files\Docker\Docker\resources\bin;C:\ProgramData\DockerDesktop\version-bin;C:\Users\panha_kreng\AppData\Local\Microsoft\WindowsApps;C:\Users\panha_kreng\AppData\Roaming\Composer\vendor\bin;C:\Users\panha_kreng\AppData\Roaming\npm;C:\Users\panha_kreng\AppData\Local\Programs\Microsoft VS Code\bin;C:\Users\panha_kreng\AppData\Roaming\nvm;C:\Program Files\nodejs

Yarn version: 
  1.22.15

Node version: 
  16.14.0

Platform: 
  win32 x64

Trace: 
  Error: EPERM: operation not permitted, unlink 'C:\Users\panha_kreng\developments\deliveroo-clone\node_modules\@jest\create-cache-key-function\node_modules\color-name'

npm manifest: 
  {
    "name": "deliveroo-clone",
    "version": "1.0.0",
    "main": "node_modules/expo/AppEntry.js",
    "scripts": {
      "start": "expo start",
      "android": "expo start --android",
      "ios": "expo start --ios",
      "web": "expo start --web"
    },
    "dependencies": {
      "@react-navigation/native": "^6.0.12",
      "@react-navigation/native-stack": "^6.8.0",
      "@sanity/client": "^3.3.6",
      "@sanity/image-url": "^1.0.1",
      "expo": "~46.0.9",
      "expo-status-bar": "~1.4.0",
      "react": "18.0.0",
      "react-dom": "18.0.0",
      "react-native": "0.69.5",
      "react-native-heroicons": "^3.0.0",
      "react-native-safe-area-context": "4.3.1",
      "react-native-screens": "~3.15.0",
      "react-native-svg": "12.3.0",
      "react-native-web": "~0.18.7",
      "tailwindcss-react-native": "^1.7.10"
    },
    "devDependencies": {
      "@babel/core": "^7.18.6",
      "tailwindcss": "^3.1.8"
    },
    "private": true
  }

yarn manifest: 
  No manifest

Lockfile: 
  No lockfile
